#
# A fatal error has been detected by the Java Runtime Environment:
#
#  EXCEPTION_ACCESS_VIOLATION (0xc0000005) at pc=0x00000000762aa0a5, pid=10432, tid=0x0000000000001e88
#
# JRE version: Java(TM) SE Runtime Environment (8.0_101-b13) (build 1.8.0_101-b13)
# Java VM: Java HotSpot(TM) 64-Bit Server VM (25.101-b13 mixed mode windows-amd64 compressed oops)
# Problematic frame:
# V  [jvm.dll+0x12a0a5]
#
# Failed to write core dump. Minidumps are not enabled by default on client versions of Windows
#
# If you would like to submit a bug report, please visit:
#   http://bugreport.java.com/bugreport/crash.jsp
#

---------------  T H R E A D  ---------------

Current thread (0x0000000017895800):  JavaThread "JDWP Transport Listener: dt_socket" daemon [_thread_in_vm, id=7816, stack(0x00000000193e0000,0x00000000194e0000)]

siginfo: ExceptionCode=0xc0000005, reading address 0x00000000002db000

Registers:
RAX=0x00000000194df301, RBX=0x0000000017895800, RCX=0x00000000002db000, RDX=0x0000000000000000
RSP=0x00000000194df390, RBP=0x00000000002db000, RSI=0x00000000194df4a8, RDI=0x0000000002d18200
R8 =0x0000000017895800, R9 =0x0000000000008000, R10=0x00000000178a0400, R11=0x0000000019897ac2
R12=0x0000000000000000, R13=0x00000000178a0bf8, R14=0x0000000000000000, R15=0x0000000000000000
RIP=0x00000000762aa0a5, EFLAGS=0x0000000000010206

Top of Stack: (sp=0x00000000194df390)
0x00000000194df390:   0000000017895800 0000000017895800
0x00000000194df3a0:   00000000194df458 00000000764b2f0b
0x00000000194df3b0:   0000000017895800 00000000764cf76d
0x00000000194df3c0:   0000000000000000 0000000077579155
0x00000000194df3d0:   00000000178b7328 000000007758291e
0x00000000194df3e0:   0000000017895800 0000000000000000
0x00000000194df3f0:   0000000000000000 0000000000000000
0x00000000194df400:   00000000002db000 0000000077581a15
0x00000000194df410:   00000000194df4a8 00000000194df480
0x00000000194df420:   0000000000000001 00000000178b7328
0x00000000194df430:   00000000002db000 00000000775653b3
0x00000000194df440:   00000000194df570 0000000000000001
0x00000000194df450:   0000000000000001 00000000178b7328
0x00000000194df460:   000000000000000a 0000000000000000
0x00000000194df470:   0000000000000000 0000000000000000
0x00000000194df480:   0000000000000001 0000000077565571 

Instructions: (pc=0x00000000762aa0a5)
0x00000000762aa085:   cc cc cc cc cc cc cc cc cc cc cc 48 83 ec 28 48
0x00000000762aa095:   85 c9 75 07 33 c0 48 83 c4 28 c3 48 89 5c 24 20
0x00000000762aa0a5:   48 8b 19 48 85 db 74 20 48 83 fb 37 74 1a 48 8b
0x00000000762aa0b5:   13 48 8b cb ff 52 10 84 c0 74 0d 48 8b c3 48 8b 


Register to memory mapping:

RAX=0x00000000194df301 is pointing into the stack for thread: 0x0000000017895800
RBX=0x0000000017895800 is a thread
RCX=0x00000000002db000 is an unknown value
RDX=0x0000000000000000 is an unknown value
RSP=0x00000000194df390 is pointing into the stack for thread: 0x0000000017895800
RBP=0x00000000002db000 is an unknown value
RSI=0x00000000194df4a8 is pointing into the stack for thread: 0x0000000017895800
RDI=0x0000000002d18200 is an unknown value
R8 =0x0000000017895800 is a thread
R9 =0x0000000000008000 is an unknown value
R10=0x00000000178a0400 is an unknown value
R11=0x0000000019897ac2 is an unknown value
R12=0x0000000000000000 is an unknown value
R13=0x00000000178a0bf8 is an unknown value
R14=0x0000000000000000 is an unknown value
R15=0x0000000000000000 is an unknown value


Stack: [0x00000000193e0000,0x00000000194e0000],  sp=0x00000000194df390,  free space=1020k
Native frames: (J=compiled Java code, j=interpreted, Vv=VM code, C=native code)
V  [jvm.dll+0x12a0a5]
V  [jvm.dll+0x34f76d]
C  [jdwp.dll+0x21a15]
C  [jdwp.dll+0x53b3]
C  [jdwp.dll+0x5571]
C  [jdwp.dll+0xf0a8]
C  [jdwp.dll+0x1f2d5]
C  [jdwp.dll+0x1f4aa]
V  [jvm.dll+0x1bd258]
V  [jvm.dll+0x2451a4]
V  [jvm.dll+0x29c18a]
C  [msvcr100.dll+0x21d9f]
C  [msvcr100.dll+0x21e3b]
C  [KERNEL32.DLL+0x12774]
C  [ntdll.dll+0x70d51]


---------------  P R O C E S S  ---------------

Java Threads: ( => current thread )
  0x0000000019807000 JavaThread "Service Thread" daemon [_thread_blocked, id=10172, stack(0x0000000019de0000,0x0000000019ee0000)]
  0x00000000178ee000 JavaThread "C1 CompilerThread2" daemon [_thread_blocked, id=6640, stack(0x0000000019ce0000,0x0000000019de0000)]
  0x00000000178ed800 JavaThread "C2 CompilerThread1" daemon [_thread_blocked, id=796, stack(0x0000000019be0000,0x0000000019ce0000)]
  0x00000000178b3800 JavaThread "C2 CompilerThread0" daemon [_thread_blocked, id=4040, stack(0x00000000196e0000,0x00000000197e0000)]
  0x00000000178a7000 JavaThread "JDWP Command Reader" daemon [_thread_in_native, id=9504, stack(0x00000000195e0000,0x00000000196e0000)]
  0x00000000178a3800 JavaThread "JDWP Event Helper Thread" daemon [_thread_blocked, id=6756, stack(0x00000000194e0000,0x00000000195e0000)]
=>0x0000000017895800 JavaThread "JDWP Transport Listener: dt_socket" daemon [_thread_in_vm, id=7816, stack(0x00000000193e0000,0x00000000194e0000)]
  0x000000001788b800 JavaThread "Attach Listener" daemon [_thread_blocked, id=13612, stack(0x0000000018dd0000,0x0000000018ed0000)]
  0x000000001788a800 JavaThread "Signal Dispatcher" daemon [_thread_blocked, id=12472, stack(0x0000000018cd0000,0x0000000018dd0000)]
  0x0000000002cea800 JavaThread "Finalizer" daemon [_thread_blocked, id=9900, stack(0x0000000018ae0000,0x0000000018be0000)]
  0x0000000002cdf800 JavaThread "Reference Handler" daemon [_thread_blocked, id=12760, stack(0x00000000189e0000,0x0000000018ae0000)]
  0x0000000002d1e000 JavaThread "main" [_thread_in_native, id=13972, stack(0x0000000002ad0000,0x0000000002bd0000)]

Other Threads:
  0x0000000017858800 VMThread [stack: 0x00000000188e0000,0x00000000189e0000] [id=2652]
  0x0000000019825800 WatcherThread [stack: 0x0000000019ee0000,0x0000000019fe0000] [id=7272]

VM state:not at safepoint (normal execution)

VM Mutex/Monitor currently owned by a thread: None

Heap:
 PSYoungGen      total 38400K, used 2662K [0x00000000d5c00000, 0x00000000d8680000, 0x0000000100000000)
  eden space 33280K, 8% used [0x00000000d5c00000,0x00000000d5e999f8,0x00000000d7c80000)
  from space 5120K, 0% used [0x00000000d8180000,0x00000000d8180000,0x00000000d8680000)
  to   space 5120K, 0% used [0x00000000d7c80000,0x00000000d7c80000,0x00000000d8180000)
 ParOldGen       total 87552K, used 0K [0x0000000081400000, 0x0000000086980000, 0x00000000d5c00000)
  object space 87552K, 0% used [0x0000000081400000,0x0000000081400000,0x0000000086980000)
 Metaspace       used 3408K, capacity 4566K, committed 4864K, reserved 1056768K
  class space    used 383K, capacity 390K, committed 512K, reserved 1048576K

Card table byte_map: [0x00000000120e0000,0x00000000124e0000] byte_map_base: 0x0000000011cd6000

Marking Bits: (ParMarkBitMap*) 0x000000007699a6d0
 Begin Bits: [0x0000000012b90000, 0x0000000014b40000)
 End Bits:   [0x0000000014b40000, 0x0000000016af0000)

Polling page: 0x0000000001290000

CodeCache: size=245760Kb used=1185Kb max_used=1185Kb free=244575Kb
 bounds [0x0000000002d20000, 0x0000000002f90000, 0x0000000011d20000]
 total_blobs=297 nmethods=63 adapters=155
 compilation: enabled

Compilation events (10 events):
Event: 0.219 Thread 0x00000000178ee000   58       3       java.util.HashMap::afterNodeInsertion (1 bytes)
Event: 0.219 Thread 0x00000000178ee000 nmethod 58 0x0000000002e44910 code [0x0000000002e44a60, 0x0000000002e44bb0]
Event: 0.219 Thread 0x00000000178ee000   59       3       java.util.StringTokenizer::scanToken (179 bytes)
Event: 0.221 Thread 0x00000000178ee000 nmethod 59 0x0000000002e44c10 code [0x0000000002e44ea0, 0x0000000002e461d8]
Event: 0.221 Thread 0x00000000178ee000   60       3       java.util.HashSet::add (20 bytes)
Event: 0.221 Thread 0x00000000178ee000 nmethod 60 0x0000000002e469d0 code [0x0000000002e46b40, 0x0000000002e46dc8]
Event: 0.222 Thread 0x00000000178ee000   61       3       java.util.concurrent.ConcurrentHashMap::spread (10 bytes)
Event: 0.223 Thread 0x00000000178ee000 nmethod 61 0x0000000002e47b10 code [0x0000000002e47c60, 0x0000000002e47db0]
Event: 499.547 Thread 0x00000000178ee000   62       3       java.util.concurrent.ConcurrentHashMap::setTabAt (19 bytes)
Event: 499.547 Thread 0x00000000178ee000 nmethod 62 0x0000000002e481d0 code [0x0000000002e48320, 0x0000000002e48490]

GC Heap History (0 events):
No events

Deoptimization events (0 events):
No events

Internal exceptions (6 events):
Event: 0.033 Thread 0x0000000002d1e000 Exception <a 'java/lang/NoSuchMethodError': Method sun.misc.Unsafe.defineClass(Ljava/lang/String;[BII)Ljava/lang/Class; name or signature does not match> (0x00000000d5c07cc0) thrown at [C:\re\workspace\8-2-build-windows-amd64-cygwin\jdk8u101\7261\hotspot\s2Fb~=
¡?
Event: 0.033 Thread 0x0000000002d1e000 Exception <a 'java/lang/NoSuchMethodError': Method sun.misc.Unsafe.prefetchRead(Ljava/lang/Object;J)V name or signature does not match> (0x00000000d5c07fa8) thrown at [C:\re\workspace\8-2-build-windows-amd64-cygwin\jdk8u101\7261\hotspot\src\share\vm\prims\ÆEÍükòÊ?
Event: 0.211 Thread 0x0000000002d1e000 Exception <a 'java/security/PrivilegedActionException'> (0x00000000d5c9aba8) thrown at [C:\re\workspace\8-2-build-windows-amd64-cygwin\jdk8u101\7261\hotspot\src\share\vm\prims\jvm.cpp, line 1386]
Event: 0.211 Thread 0x0000000002d1e000 Exception <a 'java/security/PrivilegedActionException'> (0x00000000d5c9afa0) thrown at [C:\re\workspace\8-2-build-windows-amd64-cygwin\jdk8u101\7261\hotspot\src\share\vm\prims\jvm.cpp, line 1386]
Event: 0.212 Thread 0x0000000002d1e000 Exception <a 'java/security/PrivilegedActionException'> (0x00000000d5c9f070) thrown at [C:\re\workspace\8-2-build-windows-amd64-cygwin\jdk8u101\7261\hotspot\src\share\vm\prims\jvm.cpp, line 1386]
Event: 0.212 Thread 0x0000000002d1e000 Exception <a 'java/security/PrivilegedActionException'> (0x00000000d5c9f468) thrown at [C:\re\workspace\8-2-build-windows-amd64-cygwin\jdk8u101\7261\hotspot\src\share\vm\prims\jvm.cpp, line 1386]

Events (10 events):
Event: 0.223 loading class java/util/regex/Pattern$Branch
Event: 0.223 loading class java/util/regex/Pattern$Branch done
Event: 0.223 loading class java/util/regex/Pattern$Dollar
Event: 0.223 loading class java/util/regex/Pattern$Dollar done
Event: 4.197 Executing VM operation: EnableBiasedLocking
Event: 4.197 Executing VM operation: EnableBiasedLocking done
Event: 499.548 Executing VM operation: RedefineClasses
Event: 499.549 Executing VM operation: RedefineClasses done
Event: 568.735 Executing VM operation: RedefineClasses
Event: 568.735 Executing VM operation: RedefineClasses done


Dynamic libraries:
0x00007ff6835e0000 - 0x00007ff683617000 	C:\Program Files\Java\jdk1.8.0_101\bin\javaw.exe
0x00007ffec9300000 - 0x00007ffec94db000 	C:\WINDOWS\SYSTEM32\ntdll.dll
0x00007ffec8030000 - 0x00007ffec80de000 	C:\WINDOWS\System32\KERNEL32.DLL
0x00007ffec5c60000 - 0x00007ffec5ea9000 	C:\WINDOWS\System32\KERNELBASE.dll
0x00007ffec8710000 - 0x00007ffec87b1000 	C:\WINDOWS\System32\ADVAPI32.dll
0x00007ffec9260000 - 0x00007ffec92fd000 	C:\WINDOWS\System32\msvcrt.dll
0x00007ffec7fd0000 - 0x00007ffec8029000 	C:\WINDOWS\System32\sechost.dll
0x00007ffec80e0000 - 0x00007ffec8205000 	C:\WINDOWS\System32\RPCRT4.dll
0x00007ffec82a0000 - 0x00007ffec83ea000 	C:\WINDOWS\System32\USER32.dll
0x00007ffec6740000 - 0x00007ffec675e000 	C:\WINDOWS\System32\win32u.dll
0x00007ffec8210000 - 0x00007ffec8237000 	C:\WINDOWS\System32\GDI32.dll
0x00007ffec5eb0000 - 0x00007ffec6037000 	C:\WINDOWS\System32\gdi32full.dll
0x00007ffec5870000 - 0x00007ffec590a000 	C:\WINDOWS\System32\msvcp_win.dll
0x00007ffec6760000 - 0x00007ffec6856000 	C:\WINDOWS\System32\ucrtbase.dll
0x00007ffeaa7f0000 - 0x00007ffeaaa57000 	C:\WINDOWS\WinSxS\amd64_microsoft.windows.common-controls_6595b64144ccf1df_6.0.15063.483_none_26002d27e7c744a2\COMCTL32.dll
0x00007ffec8410000 - 0x00007ffec8709000 	C:\WINDOWS\System32\combase.dll
0x00007ffec5bf0000 - 0x00007ffec5c5a000 	C:\WINDOWS\System32\bcryptPrimitives.dll
0x00007ffec8950000 - 0x00007ffec897d000 	C:\WINDOWS\System32\IMM32.DLL
0x0000000077600000 - 0x00000000776d2000 	C:\Program Files\Java\jdk1.8.0_101\jre\bin\msvcr100.dll
0x0000000076180000 - 0x0000000076a1a000 	C:\Program Files\Java\jdk1.8.0_101\jre\bin\server\jvm.dll
0x00007ffec8d60000 - 0x00007ffec8d68000 	C:\WINDOWS\System32\PSAPI.DLL
0x00007ffec1470000 - 0x00007ffec1479000 	C:\WINDOWS\SYSTEM32\WSOCK32.dll
0x00007ffec7e50000 - 0x00007ffec7ebc000 	C:\WINDOWS\System32\WS2_32.dll
0x00007ffebdae0000 - 0x00007ffebdb03000 	C:\WINDOWS\SYSTEM32\WINMM.dll
0x00007ffebda30000 - 0x00007ffebda3a000 	C:\WINDOWS\SYSTEM32\VERSION.dll
0x00007ffebb8f0000 - 0x00007ffebb91b000 	C:\WINDOWS\SYSTEM32\WINMMBASE.dll
0x00007ffec5820000 - 0x00007ffec5869000 	C:\WINDOWS\System32\cfgmgr32.dll
0x00000000775f0000 - 0x00000000775ff000 	C:\Program Files\Java\jdk1.8.0_101\jre\bin\verify.dll
0x00000000775c0000 - 0x00000000775e9000 	C:\Program Files\Java\jdk1.8.0_101\jre\bin\java.dll
0x0000000077560000 - 0x0000000077595000 	C:\Program Files\Java\jdk1.8.0_101\jre\bin\jdwp.dll
0x0000000077550000 - 0x0000000077558000 	C:\Program Files\Java\jdk1.8.0_101\jre\bin\npt.dll
0x00000000775a0000 - 0x00000000775b6000 	C:\Program Files\Java\jdk1.8.0_101\jre\bin\zip.dll
0x00007ffec6860000 - 0x00007ffec7c96000 	C:\WINDOWS\System32\SHELL32.dll
0x00007ffec91b0000 - 0x00007ffec925a000 	C:\WINDOWS\System32\shcore.dll
0x00007ffec6040000 - 0x00007ffec6731000 	C:\WINDOWS\System32\windows.storage.dll
0x00007ffec7ca0000 - 0x00007ffec7cf1000 	C:\WINDOWS\System32\shlwapi.dll
0x00007ffec57b0000 - 0x00007ffec57c1000 	C:\WINDOWS\System32\kernel.appcore.dll
0x00007ffec57d0000 - 0x00007ffec581c000 	C:\WINDOWS\System32\powrprof.dll
0x00007ffec5770000 - 0x00007ffec5785000 	C:\WINDOWS\System32\profapi.dll
0x0000000077540000 - 0x0000000077549000 	C:\Program Files\Java\jdk1.8.0_101\jre\bin\dt_socket.dll
0x00007ffea6d80000 - 0x00007ffea6d96000 	C:\WINDOWS\system32\napinsp.dll
0x00007ffea6640000 - 0x00007ffea665a000 	C:\WINDOWS\system32\pnrpnsp.dll
0x00007ffec2250000 - 0x00007ffec2268000 	C:\WINDOWS\system32\NLAapi.dll
0x00007ffec5020000 - 0x00007ffec507c000 	C:\WINDOWS\System32\mswsock.dll
0x00007ffec4e00000 - 0x00007ffec4ea4000 	C:\WINDOWS\SYSTEM32\DNSAPI.dll
0x00007ffec8820000 - 0x00007ffec8828000 	C:\WINDOWS\System32\NSI.dll
0x00007ffec4dc0000 - 0x00007ffec4df7000 	C:\WINDOWS\SYSTEM32\IPHLPAPI.DLL
0x00007ffeb00c0000 - 0x00007ffeb00ce000 	C:\WINDOWS\System32\winrnr.dll
0x0000000077980000 - 0x00000000779a6000 	C:\Program Files\Bonjour\mdnsNSP.dll
0x00007ffebfd70000 - 0x00007ffebfddb000 	C:\WINDOWS\System32\fwpuclnt.dll
0x00007ffec56b0000 - 0x00007ffec56d5000 	C:\WINDOWS\SYSTEM32\bcrypt.dll
0x00007ffebc9f0000 - 0x00007ffebc9fa000 	C:\Windows\System32\rasadhlp.dll
0x00007ffec10f0000 - 0x00007ffec1299000 	C:\WINDOWS\SYSTEM32\dbghelp.dll

VM Arguments:
jvm_args: -agentlib:jdwp=transport=dt_socket,suspend=y,address=localhost:59058 -Dfile.encoding=UTF-8 
java_command: chess.Chess
java_class_path (initial): C:\Users\shahe\Git\ChessProject\bin
Launcher Type: SUN_STANDARD

Environment Variables:
PATH=C:\Program Files\Java\jdk1.8.0_101\jre\bin;C:/Program Files/Java/jre1.8.0_144/bin/server;C:/Program Files/Java/jre1.8.0_144/bin;C:/Program Files/Java/jre1.8.0_144/lib/amd64;C:\ProgramData\Oracle\Java\javapath;C:\Program Files\Java\jdk1.8.0_101\bin;C:\WINDOWS\system32;C:\WINDOWS;C:\WINDOWS\System32\Wbem;C:\WINDOWS\System32\WindowsPowerShell\v1.0\;C:\Program Files\MATLAB\R2017a\runtime\win64;C:\Program Files\MATLAB\R2017a\bin;C:\Program Files\Git\cmd;C:\Users\shahe\AppData\Local\Microsoft\WindowsApps;;C:\WINDOWS\System32;
USERNAME=shahe
OS=Windows_NT
PROCESSOR_IDENTIFIER=Intel64 Family 6 Model 78 Stepping 3, GenuineIntel



---------------  S Y S T E M  ---------------

OS: Windows 10.0 , 64 bit Build 15063 (10.0.15063.296)

CPU:total 4 (2 cores per cpu, 2 threads per core) family 6 model 78 stepping 3, cmov, cx8, fxsr, mmx, sse, sse2, sse3, ssse3, sse4.1, sse4.2, popcnt, avx, avx2, aes, clmul, erms, 3dnowpref, lzcnt, ht, tsc, tscinvbit, bmi1, bmi2, adx

Memory: 4k page, physical 8304420k(4173032k free), swap 16693028k(7350408k free)

vm_info: Java HotSpot(TM) 64-Bit Server VM (25.101-b13) for windows-amd64 JRE (1.8.0_101-b13), built on Jun 22 2016 01:21:29 by "java_re" with MS VC++ 10.0 (VS2010)

time: Sat Oct 21 20:52:46 2017
elapsed time: 568 seconds (0d 0h 9m 28s)

